<?xml version="1.0" encoding="UTF-8"?>
<!-- Generated by org.testng.reporters.JUnitReportReporter -->
<testsuite hostname="EPUALVIW014A" failures="0" tests="1" name="SimpleSearchTest" time="2.809" errors="0" timestamp="2023-07-26T17:50:52 EEST" skipped="0">
  <testcase classname="SimpleSearchTest" name="simpleSearchTest" time="2.809"/>
</testsuite> <!-- SimpleSearchTest -->
