<?xml version="1.0" encoding="UTF-8"?>
<!-- Generated by org.testng.reporters.JUnitReportReporter -->
<testsuite hostname="EPUALVIW014A" failures="0" tests="1" name="SimpleSearchTestMobile" time="2.358" errors="0" timestamp="2023-10-22T16:26:26 EEST" skipped="0">
  <testcase classname="SimpleSearchTestMobile" name="simpleSearchTestMobile" time="2.358"/>
</testsuite> <!-- SimpleSearchTestMobile -->
